  Game.cpp
  GameState.cpp
c:\users\admin\desktop\monster_adventure\monster_adventure\src\gamestate.cpp(218): warning C4244: 'argument': conversion from 'int' to 'const float', possible loss of data
c:\users\admin\desktop\monster_adventure\monster_adventure\src\gamestate.cpp(233): warning C4244: 'argument': conversion from 'int' to 'const float', possible loss of data
c:\users\admin\desktop\monster_adventure\monster_adventure\src\gamestate.cpp(247): warning C4244: 'argument': conversion from 'int' to 'const float', possible loss of data
c:\users\admin\desktop\monster_adventure\monster_adventure\src\gamestate.cpp(261): warning C4244: 'argument': conversion from 'int' to 'const float', possible loss of data
c:\users\admin\desktop\monster_adventure\monster_adventure\src\gamestate.cpp(275): warning C4244: 'argument': conversion from 'int' to 'const float', possible loss of data
c:\users\admin\desktop\monster_adventure\monster_adventure\src\gamestate.cpp(289): warning C4244: 'argument': conversion from 'int' to 'const float', possible loss of data
c:\users\admin\desktop\monster_adventure\monster_adventure\src\gamestate.cpp(303): warning C4244: 'argument': conversion from 'int' to 'const float', possible loss of data
c:\users\admin\desktop\monster_adventure\monster_adventure\src\gamestate.cpp(317): warning C4244: 'argument': conversion from 'int' to 'const float', possible loss of data
c:\users\admin\desktop\monster_adventure\monster_adventure\src\gamestate.cpp(331): warning C4244: 'argument': conversion from 'int' to 'const float', possible loss of data
c:\users\admin\desktop\monster_adventure\monster_adventure\src\gamestate.cpp(345): warning C4244: 'argument': conversion from 'int' to 'const float', possible loss of data
  GetInfoState.cpp
  MainMenuState.cpp
  main.cpp
  Generating Code...
  Monster_Adventure.vcxproj -> C:\Users\Admin\Desktop\Monster_Adventure\Monster_Adventure\bin\x64\Debug\Monster_Adventure.exe

Project Performance Summary:
     5591 ms  C:\Users\Admin\Desktop\Monster_Adventure\Monster_Adventure\Monster_Adventure.vcxproj   1 calls
               5591 ms  Build                                      1 calls

Target Performance Summary:
        0 ms  AfterResourceCompile                       1 calls
        0 ms  PrepareResourceNames                       1 calls
        0 ms  CreateCustomManifestResourceNames          1 calls
        0 ms  SplitResourcesByCulture                    1 calls
        0 ms  ComputeManifestInputsTargets               1 calls
        0 ms  ComputeLinkInputsFromProject               1 calls
        0 ms  ComputeCLGeneratedLinkInputs               1 calls
        0 ms  ComputeCustomBuildOutput                   1 calls
        0 ms  ComputeManifestGeneratedLinkerInputs       1 calls
        0 ms  ComputeRCGeneratedLinkInputs               1 calls
        0 ms  ComputeRCOutputs                           1 calls
        0 ms  BeforeLink                                 1 calls
        0 ms  ComputeLegacyManifestEmbedding             1 calls
        0 ms  BuildLinkTraverse                          1 calls
        0 ms  BuildCompile                               1 calls
        0 ms  AfterBuildCompileEvent                     1 calls
        0 ms  _ResourceCompile                           1 calls
        0 ms  MakeDirsForResourceCompile                 1 calls
        0 ms  BeforeResourceCompile                      1 calls
        0 ms  _ClCompile                                 1 calls
        0 ms  PreLinkEvent                               1 calls
        0 ms  AfterLink                                  1 calls
        0 ms  _Link                                      1 calls
        0 ms  _ALink                                     1 calls
        0 ms  AfterBuild                                 1 calls
        0 ms  BuildLink                                  1 calls
        0 ms  _BuildLinkAction                           1 calls
        0 ms  PostBuildEvent                             1 calls
        0 ms  PrepareForRun                              1 calls
        0 ms  CopyFilesToOutputDirectory                 1 calls
        0 ms  _CheckForCompileOutputs                    1 calls
        0 ms  _CopySourceItemsToOutputDirectory          1 calls
        0 ms  GetCopyToOutputDirectoryXamlAppDefs        1 calls
        0 ms  AfterClCompile                             1 calls
        0 ms  _Deploy                                    1 calls
        0 ms  CreateSatelliteAssemblies                  1 calls
        0 ms  _GenerateSatelliteAssemblyInputs           1 calls
        0 ms  _BscMake                                   1 calls
        0 ms  MakeDirsForBscMake                         1 calls
        0 ms  _XdcMake                                   1 calls
        0 ms  MakeDirsForXdcMake                         1 calls
        0 ms  ComputeCLCompileGeneratedXDCFiles          1 calls
        0 ms  ResolvedXDCMake                            1 calls
        0 ms  _Manifest                                  1 calls
        0 ms  _Appverifier                               1 calls
        0 ms  SelectClCompile                            1 calls
        0 ms  Build                                      1 calls
        0 ms  _SelectedFiles                             1 calls
        0 ms  PreBuildEvent                              1 calls
        0 ms  BeforeBuildGenerateSources                 1 calls
        0 ms  BuildGenerateSourcesTraverse               1 calls
        0 ms  PrepareProjectReferences                   1 calls
        0 ms  SelectCustomBuild                          1 calls
        0 ms  GetReferenceAssemblyPaths                  1 calls
        0 ms  _SplitProjectReferencesByFileExistence     1 calls
        0 ms  SetBuildDefaultEnvironmentVariables        1 calls
        0 ms  AfterResolveReferences                     1 calls
        0 ms  ResolveAssemblyReferences                  1 calls
        0 ms  ExpandSDKReferences                        1 calls
        0 ms  ResolveSDKReferences                       1 calls
        0 ms  PlatformPrepareForBuild                    1 calls
        0 ms  SetCABuildNativeEnvironmentVariables       1 calls
        0 ms  ResolveReferences                          1 calls
        0 ms  _Xsd                                       1 calls
        0 ms  _CheckWindowsSDKInstalled                  1 calls
        0 ms  _BuildGenerateSourcesAction                1 calls
        0 ms  ComputeMIDLGeneratedCompileInputs          1 calls
        0 ms  AfterMidl                                  1 calls
        0 ms  FixupCLCompileOptions                      1 calls
        0 ms  ComputeCLInputPDBName                      1 calls
        0 ms  _Midl                                      1 calls
        0 ms  AfterBuildGenerateSources                  1 calls
        0 ms  AfterBuildGenerateSourcesEvent             1 calls
        0 ms  _PrepareForBuild                           1 calls
        0 ms  AssignProjectConfiguration                 1 calls
        0 ms  BeforeResolveReferences                    1 calls
        0 ms  BuildGenerateSources                       1 calls
        0 ms  MakeDirsForMidl                            1 calls
        0 ms  BuildCompileTraverse                       1 calls
        0 ms  BeforeClCompile                            1 calls
        1 ms  _BuildCompileAction                        1 calls
        1 ms  RegisterOutput                             1 calls
        1 ms  GetResolvedWinMD                           1 calls
        1 ms  _GetProjectReferenceTargetFrameworkProperties   1 calls
        1 ms  MakeDirsForCl                              1 calls
        1 ms  ComputeCLCompileGeneratedSbrFiles          1 calls
        1 ms  GetCopyToOutputDirectoryItems              1 calls
        1 ms  MakeDirsForLink                            1 calls
        1 ms  SetTelemetryEnvironmentVariables           1 calls
        1 ms  ComputeCLOutputs                           1 calls
        1 ms  ComputeLinkSwitches                        1 calls
        1 ms  AssignTargetPaths                          1 calls
        1 ms  FinalizeBuildStatus                        1 calls
        1 ms  DoLinkOutputFilesMatch                     1 calls
        1 ms  _PrepareForReferenceResolution             1 calls
        1 ms  _HandlePackageFileConflicts                1 calls
        1 ms  CopyFileToFolders                          1 calls
        1 ms  GetFrameworkPaths                          1 calls
        1 ms  ComputeLinkImportLibraryOutputsForClean    1 calls
        1 ms  ComputeReferenceCLInput                    1 calls
        2 ms  _CheckForInvalidConfigurationAndPlatform   1 calls
        3 ms  PrepareForBuild                            1 calls
        3 ms  InitializeBuildStatus                      1 calls
        4 ms  WarnCompileDuplicatedFilename              1 calls
        4 ms  ResolveProjectReferences                   1 calls
      333 ms  Link                                       1 calls
     5217 ms  ClCompile                                  1 calls

Task Performance Summary:
        0 ms  Message                                    3 calls
        0 ms  AssignProjectConfiguration                 1 calls
        0 ms  GetOutOfDateItems                          1 calls
        0 ms  AssignCulture                              1 calls
        0 ms  Delete                                     1 calls
        1 ms  MSBuild                                    1 calls
        1 ms  SetEnv                                     8 calls
        1 ms  MakeDir                                    9 calls
        1 ms  ReadLinesFromFile                          1 calls
        1 ms  WriteLinesToFile                           1 calls
        1 ms  AssignTargetPath                           6 calls
        1 ms  ResolvePackageFileConflicts                1 calls
        2 ms  Touch                                      2 calls
      331 ms  Link                                       1 calls
     5214 ms  CL                                         1 calls
