c:\users\admin\desktop\monster_adventure\monster_adventure\intermediate\vc141.pdb
c:\users\admin\desktop\monster_adventure\monster_adventure\intermediate\vc141.idb
c:\users\admin\desktop\monster_adventure\monster_adventure\intermediate\main.obj
c:\users\admin\desktop\monster_adventure\monster_adventure\intermediate\player.obj
c:\users\admin\desktop\monster_adventure\monster_adventure\intermediate\mainmenustate.obj
c:\users\admin\desktop\monster_adventure\monster_adventure\intermediate\gamestate.obj
c:\users\admin\desktop\monster_adventure\monster_adventure\intermediate\game.obj
c:\users\admin\desktop\monster_adventure\monster_adventure\intermediate\entity.obj
c:\users\admin\desktop\monster_adventure\monster_adventure\intermediate\button.obj
c:\users\admin\desktop\monster_adventure\monster_adventure\intermediate\state.obj
c:\users\admin\desktop\monster_adventure\monster_adventure\intermediate\movementcomponent.obj
c:\users\admin\desktop\monster_adventure\monster_adventure\intermediate\animationcomponent.obj
c:\users\admin\desktop\monster_adventure\monster_adventure\intermediate\hitboxcomponent.obj
c:\users\admin\desktop\monster_adventure\monster_adventure\intermediate\main1.obj
c:\users\admin\desktop\monster_adventure\monster_adventure\intermediate\tile.obj
c:\users\admin\desktop\monster_adventure\monster_adventure\intermediate\pausemenu.obj
c:\users\admin\desktop\monster_adventure\monster_adventure\intermediate\settingstate.obj
c:\users\admin\desktop\monster_adventure\monster_adventure\intermediate\gui.obj
c:\users\admin\desktop\monster_adventure\monster_adventure\intermediate\enemy.obj
c:\users\admin\desktop\monster_adventure\monster_adventure\intermediate\getinfostate.obj
c:\users\admin\desktop\monster_adventure\monster_adventure\bin\x64\debug\monster_adventure.exe
c:\users\admin\desktop\monster_adventure\monster_adventure\bin\x64\debug\monster_adventure.ilk
c:\users\admin\desktop\monster_adventure\monster_adventure\bin\x64\debug\monster_adventure.pdb
c:\users\admin\desktop\monster_adventure\monster_adventure\bin\x64\release\monster_adventure.ipdb
c:\users\admin\desktop\monster_adventure\monster_adventure\bin\x64\release\monster_adventure.iobj
c:\users\admin\desktop\monster_adventure\monster_adventure\intermediate\stdafx.obj
c:\users\admin\desktop\monster_adventure\monster_adventure\intermediate\tilemap.obj
c:\users\admin\desktop\monster_adventure\monster_adventure\intermediate\gamestate.new.obj.enc
c:\users\admin\desktop\monster_adventure\monster_adventure\intermediate\player.obj.enc
c:\users\admin\desktop\monster_adventure\monster_adventure\intermediate\monster_adventure.pch
c:\users\admin\desktop\monster_adventure\monster_adventure\intermediate\monster_.29711673.tlog\cl.command.1.tlog
c:\users\admin\desktop\monster_adventure\monster_adventure\intermediate\monster_.29711673.tlog\cl.read.1.tlog
c:\users\admin\desktop\monster_adventure\monster_adventure\intermediate\monster_.29711673.tlog\cl.write.1.tlog
c:\users\admin\desktop\monster_adventure\monster_adventure\intermediate\monster_.29711673.tlog\link.command.1.tlog
c:\users\admin\desktop\monster_adventure\monster_adventure\intermediate\monster_.29711673.tlog\link.read.1.tlog
c:\users\admin\desktop\monster_adventure\monster_adventure\intermediate\monster_.29711673.tlog\link.write.1.tlog
c:\users\admin\desktop\monster_adventure\monster_adventure\intermediate\monster_.29711673.tlog\monster_adventure.write.1u.tlog
